[2024-01-09T11:16:23.659-0300] {taskinstance.py:1957} INFO - Dependencies all met for dep_context=non-requeueable deps ti=<TaskInstance: pokemon_extraction.extract_pokemons scheduled__2023-12-12T10:00:00+00:00 [queued]>
[2024-01-09T11:16:23.662-0300] {taskinstance.py:1957} INFO - Dependencies all met for dep_context=requeueable deps ti=<TaskInstance: pokemon_extraction.extract_pokemons scheduled__2023-12-12T10:00:00+00:00 [queued]>
[2024-01-09T11:16:23.662-0300] {taskinstance.py:2171} INFO - Starting attempt 1 of 1
[2024-01-09T11:16:23.679-0300] {taskinstance.py:2192} INFO - Executing <Task(PythonOperator): extract_pokemons> on 2023-12-12 10:00:00+00:00
[2024-01-09T11:16:23.681-0300] {standard_task_runner.py:60} INFO - Started process 795 to run task
[2024-01-09T11:16:23.682-0300] {standard_task_runner.py:87} INFO - Running: ['airflow', 'tasks', 'run', 'pokemon_extraction', 'extract_pokemons', 'scheduled__2023-12-12T10:00:00+00:00', '--job-id', '286', '--raw', '--subdir', 'DAGS_FOLDER/pokemon_extraction.py', '--cfg-path', '/tmp/tmpgfdn57hm']
[2024-01-09T11:16:23.683-0300] {standard_task_runner.py:88} INFO - Job 286: Subtask extract_pokemons
[2024-01-09T11:16:23.703-0300] {task_command.py:423} INFO - Running <TaskInstance: pokemon_extraction.extract_pokemons scheduled__2023-12-12T10:00:00+00:00 [running]> on host LAPTOP-SB6KEOGH.
[2024-01-09T11:16:23.748-0300] {taskinstance.py:2481} INFO - Exporting env vars: AIRFLOW_CTX_DAG_OWNER='Brenda Schapievski' AIRFLOW_CTX_DAG_ID='pokemon_extraction' AIRFLOW_CTX_TASK_ID='extract_pokemons' AIRFLOW_CTX_EXECUTION_DATE='2023-12-12T10:00:00+00:00' AIRFLOW_CTX_TRY_NUMBER='1' AIRFLOW_CTX_DAG_RUN_ID='scheduled__2023-12-12T10:00:00+00:00'
[2024-01-09T11:16:24.080-0300] {logging_mixin.py:188} INFO - 1
[2024-01-09T11:16:24.234-0300] {logging_mixin.py:188} INFO - 2
[2024-01-09T11:16:24.393-0300] {logging_mixin.py:188} INFO - 3
[2024-01-09T11:16:24.555-0300] {logging_mixin.py:188} INFO - 4
[2024-01-09T11:16:24.725-0300] {logging_mixin.py:188} INFO - 5
[2024-01-09T11:16:24.895-0300] {logging_mixin.py:188} INFO - 6
[2024-01-09T11:16:25.053-0300] {logging_mixin.py:188} INFO - 7
[2024-01-09T11:16:25.210-0300] {logging_mixin.py:188} INFO - 8
[2024-01-09T11:16:25.371-0300] {logging_mixin.py:188} INFO - 9
[2024-01-09T11:16:25.524-0300] {logging_mixin.py:188} INFO - 10
[2024-01-09T11:16:25.690-0300] {logging_mixin.py:188} INFO - 11
[2024-01-09T11:16:25.843-0300] {logging_mixin.py:188} INFO - 12
[2024-01-09T11:16:25.994-0300] {logging_mixin.py:188} INFO - 13
[2024-01-09T11:16:26.148-0300] {logging_mixin.py:188} INFO - 14
[2024-01-09T11:16:26.307-0300] {logging_mixin.py:188} INFO - 15
[2024-01-09T11:16:26.535-0300] {logging_mixin.py:188} INFO - 16
[2024-01-09T11:16:26.709-0300] {logging_mixin.py:188} INFO - 17
[2024-01-09T11:16:26.882-0300] {logging_mixin.py:188} INFO - 18
[2024-01-09T11:16:27.040-0300] {logging_mixin.py:188} INFO - 19
[2024-01-09T11:16:27.185-0300] {logging_mixin.py:188} INFO - 20
[2024-01-09T11:16:27.516-0300] {logging_mixin.py:188} INFO - 21
[2024-01-09T11:16:27.711-0300] {logging_mixin.py:188} INFO - 22
[2024-01-09T11:16:27.885-0300] {logging_mixin.py:188} INFO - 23
[2024-01-09T11:16:28.036-0300] {logging_mixin.py:188} INFO - 24
[2024-01-09T11:16:28.186-0300] {logging_mixin.py:188} INFO - 25
[2024-01-09T11:16:28.343-0300] {logging_mixin.py:188} INFO - 26
[2024-01-09T11:16:28.494-0300] {logging_mixin.py:188} INFO - 27
[2024-01-09T11:16:28.651-0300] {logging_mixin.py:188} INFO - 28
[2024-01-09T11:16:28.821-0300] {logging_mixin.py:188} INFO - 29
[2024-01-09T11:16:29.002-0300] {logging_mixin.py:188} INFO - 30
[2024-01-09T11:16:29.163-0300] {logging_mixin.py:188} INFO - 31
[2024-01-09T11:16:29.340-0300] {logging_mixin.py:188} INFO - 32
[2024-01-09T11:16:29.498-0300] {logging_mixin.py:188} INFO - 33
[2024-01-09T11:16:29.652-0300] {logging_mixin.py:188} INFO - 34
[2024-01-09T11:16:29.816-0300] {logging_mixin.py:188} INFO - 35
[2024-01-09T11:16:29.970-0300] {logging_mixin.py:188} INFO - 36
[2024-01-09T11:16:30.130-0300] {logging_mixin.py:188} INFO - 37
[2024-01-09T11:16:30.290-0300] {logging_mixin.py:188} INFO - 38
[2024-01-09T11:16:30.441-0300] {logging_mixin.py:188} INFO - 39
[2024-01-09T11:16:30.598-0300] {logging_mixin.py:188} INFO - 40
[2024-01-09T11:16:31.108-0300] {logging_mixin.py:188} INFO - 41
[2024-01-09T11:16:31.315-0300] {logging_mixin.py:188} INFO - 42
[2024-01-09T11:16:32.575-0300] {logging_mixin.py:188} INFO - 43
[2024-01-09T11:16:33.195-0300] {logging_mixin.py:188} INFO - 44
[2024-01-09T11:16:33.539-0300] {logging_mixin.py:188} INFO - 45
[2024-01-09T11:16:34.014-0300] {logging_mixin.py:188} INFO - 46
[2024-01-09T11:16:34.434-0300] {logging_mixin.py:188} INFO - 47
[2024-01-09T11:16:34.879-0300] {logging_mixin.py:188} INFO - 48
[2024-01-09T11:16:35.318-0300] {logging_mixin.py:188} INFO - 49
[2024-01-09T11:16:35.632-0300] {logging_mixin.py:188} INFO - 50
[2024-01-09T11:16:35.959-0300] {logging_mixin.py:188} INFO - 51
[2024-01-09T11:16:36.292-0300] {logging_mixin.py:188} INFO - 52
[2024-01-09T11:16:36.631-0300] {logging_mixin.py:188} INFO - 53
[2024-01-09T11:16:36.990-0300] {logging_mixin.py:188} INFO - 54
[2024-01-09T11:16:39.577-0300] {logging_mixin.py:188} INFO - 55
[2024-01-09T11:16:40.080-0300] {logging_mixin.py:188} INFO - 56
[2024-01-09T11:16:40.288-0300] {logging_mixin.py:188} INFO - 57
[2024-01-09T11:16:40.485-0300] {logging_mixin.py:188} INFO - 58
[2024-01-09T11:16:40.686-0300] {logging_mixin.py:188} INFO - 59
[2024-01-09T11:16:40.844-0300] {logging_mixin.py:188} INFO - 60
[2024-01-09T11:16:41.620-0300] {logging_mixin.py:188} INFO - 61
[2024-01-09T11:16:41.884-0300] {logging_mixin.py:188} INFO - 62
[2024-01-09T11:16:43.494-0300] {logging_mixin.py:188} INFO - 63
[2024-01-09T11:16:43.756-0300] {logging_mixin.py:188} INFO - 64
[2024-01-09T11:16:44.321-0300] {logging_mixin.py:188} INFO - 65
[2024-01-09T11:16:44.730-0300] {logging_mixin.py:188} INFO - 66
[2024-01-09T11:16:46.287-0300] {logging_mixin.py:188} INFO - 67
[2024-01-09T11:16:46.450-0300] {logging_mixin.py:188} INFO - 68
[2024-01-09T11:16:46.635-0300] {logging_mixin.py:188} INFO - 69
[2024-01-09T11:16:46.819-0300] {logging_mixin.py:188} INFO - 70
[2024-01-09T11:16:47.127-0300] {logging_mixin.py:188} INFO - 71
[2024-01-09T11:16:47.438-0300] {logging_mixin.py:188} INFO - 72
[2024-01-09T11:16:47.749-0300] {logging_mixin.py:188} INFO - 73
[2024-01-09T11:16:47.919-0300] {logging_mixin.py:188} INFO - 74
[2024-01-09T11:16:48.148-0300] {logging_mixin.py:188} INFO - 75
[2024-01-09T11:16:48.620-0300] {logging_mixin.py:188} INFO - 76
[2024-01-09T11:16:48.848-0300] {logging_mixin.py:188} INFO - 77
[2024-01-09T11:16:49.194-0300] {logging_mixin.py:188} INFO - 78
[2024-01-09T11:16:52.239-0300] {logging_mixin.py:188} INFO - 79
[2024-01-09T11:16:52.555-0300] {logging_mixin.py:188} INFO - 80
[2024-01-09T11:16:53.193-0300] {logging_mixin.py:188} INFO - 81
[2024-01-09T11:16:53.721-0300] {logging_mixin.py:188} INFO - 82
[2024-01-09T11:16:55.348-0300] {logging_mixin.py:188} INFO - 83
[2024-01-09T11:16:55.507-0300] {logging_mixin.py:188} INFO - 84
[2024-01-09T11:16:55.703-0300] {logging_mixin.py:188} INFO - 85
[2024-01-09T11:16:55.888-0300] {logging_mixin.py:188} INFO - 86
[2024-01-09T11:16:56.182-0300] {logging_mixin.py:188} INFO - 87
[2024-01-09T11:16:56.580-0300] {logging_mixin.py:188} INFO - 88
[2024-01-09T11:16:56.950-0300] {logging_mixin.py:188} INFO - 89
[2024-01-09T11:16:57.406-0300] {logging_mixin.py:188} INFO - 90
[2024-01-09T11:16:57.697-0300] {logging_mixin.py:188} INFO - 91
[2024-01-09T11:16:57.905-0300] {logging_mixin.py:188} INFO - 92
[2024-01-09T11:16:58.173-0300] {logging_mixin.py:188} INFO - 93
[2024-01-09T11:16:58.760-0300] {logging_mixin.py:188} INFO - 94
[2024-01-09T11:16:59.233-0300] {logging_mixin.py:188} INFO - 95
[2024-01-09T11:16:59.619-0300] {logging_mixin.py:188} INFO - 96
[2024-01-09T11:16:59.816-0300] {logging_mixin.py:188} INFO - 97
[2024-01-09T11:17:00.044-0300] {logging_mixin.py:188} INFO - 98
[2024-01-09T11:17:00.230-0300] {logging_mixin.py:188} INFO - 99
[2024-01-09T11:17:00.482-0300] {logging_mixin.py:188} INFO - 100
[2024-01-09T11:17:00.863-0300] {logging_mixin.py:188} INFO - 101
[2024-01-09T11:17:02.671-0300] {logging_mixin.py:188} INFO - 102
[2024-01-09T11:17:03.065-0300] {logging_mixin.py:188} INFO - 103
[2024-01-09T11:17:03.604-0300] {logging_mixin.py:188} INFO - 104
[2024-01-09T11:17:03.783-0300] {logging_mixin.py:188} INFO - 105
[2024-01-09T11:17:04.198-0300] {logging_mixin.py:188} INFO - 106
[2024-01-09T11:17:04.560-0300] {logging_mixin.py:188} INFO - 107
[2024-01-09T11:17:06.189-0300] {logging_mixin.py:188} INFO - 108
[2024-01-09T11:17:06.365-0300] {logging_mixin.py:188} INFO - 109
[2024-01-09T11:17:06.521-0300] {logging_mixin.py:188} INFO - 110
[2024-01-09T11:17:06.688-0300] {logging_mixin.py:188} INFO - 111
[2024-01-09T11:17:06.848-0300] {logging_mixin.py:188} INFO - 112
[2024-01-09T11:17:06.999-0300] {logging_mixin.py:188} INFO - 113
[2024-01-09T11:17:07.161-0300] {logging_mixin.py:188} INFO - 114
[2024-01-09T11:17:07.319-0300] {logging_mixin.py:188} INFO - 115
[2024-01-09T11:17:07.469-0300] {logging_mixin.py:188} INFO - 116
[2024-01-09T11:17:07.622-0300] {logging_mixin.py:188} INFO - 117
[2024-01-09T11:17:07.774-0300] {logging_mixin.py:188} INFO - 118
[2024-01-09T11:17:07.972-0300] {logging_mixin.py:188} INFO - 119
[2024-01-09T11:17:08.134-0300] {logging_mixin.py:188} INFO - 120
[2024-01-09T11:17:08.600-0300] {logging_mixin.py:188} INFO - 121
[2024-01-09T11:17:08.760-0300] {logging_mixin.py:188} INFO - 122
[2024-01-09T11:17:08.908-0300] {logging_mixin.py:188} INFO - 123
[2024-01-09T11:17:09.162-0300] {logging_mixin.py:188} INFO - 124
[2024-01-09T11:17:09.322-0300] {logging_mixin.py:188} INFO - 125
[2024-01-09T11:17:09.480-0300] {logging_mixin.py:188} INFO - 126
[2024-01-09T11:17:09.744-0300] {logging_mixin.py:188} INFO - 127
[2024-01-09T11:17:10.000-0300] {logging_mixin.py:188} INFO - 128
[2024-01-09T11:17:10.289-0300] {logging_mixin.py:188} INFO - 129
[2024-01-09T11:17:10.538-0300] {logging_mixin.py:188} INFO - 130
[2024-01-09T11:17:10.907-0300] {logging_mixin.py:188} INFO - 131
[2024-01-09T11:17:11.254-0300] {logging_mixin.py:188} INFO - 132
[2024-01-09T11:17:11.501-0300] {logging_mixin.py:188} INFO - 133
[2024-01-09T11:17:11.868-0300] {logging_mixin.py:188} INFO - 134
[2024-01-09T11:17:12.143-0300] {logging_mixin.py:188} INFO - 135
[2024-01-09T11:17:12.293-0300] {logging_mixin.py:188} INFO - 136
[2024-01-09T11:17:12.449-0300] {logging_mixin.py:188} INFO - 137
[2024-01-09T11:17:12.601-0300] {logging_mixin.py:188} INFO - 138
[2024-01-09T11:17:12.753-0300] {logging_mixin.py:188} INFO - 139
[2024-01-09T11:17:12.905-0300] {logging_mixin.py:188} INFO - 140
[2024-01-09T11:17:13.210-0300] {logging_mixin.py:188} INFO - 141
[2024-01-09T11:17:13.379-0300] {logging_mixin.py:188} INFO - 142
[2024-01-09T11:17:13.531-0300] {logging_mixin.py:188} INFO - 143
[2024-01-09T11:17:13.700-0300] {logging_mixin.py:188} INFO - 144
[2024-01-09T11:17:13.853-0300] {logging_mixin.py:188} INFO - 145
[2024-01-09T11:17:14.011-0300] {logging_mixin.py:188} INFO - 146
[2024-01-09T11:17:14.162-0300] {logging_mixin.py:188} INFO - 147
[2024-01-09T11:17:14.321-0300] {logging_mixin.py:188} INFO - 148
[2024-01-09T11:17:14.475-0300] {logging_mixin.py:188} INFO - 149
[2024-01-09T11:17:14.633-0300] {logging_mixin.py:188} INFO - 150
[2024-01-09T11:17:14.792-0300] {logging_mixin.py:188} INFO - 151
[2024-01-09T11:17:14.947-0300] {logging_mixin.py:188} INFO - 152
[2024-01-09T11:17:15.101-0300] {logging_mixin.py:188} INFO - 153
[2024-01-09T11:17:15.250-0300] {logging_mixin.py:188} INFO - 154
[2024-01-09T11:17:15.413-0300] {logging_mixin.py:188} INFO - 155
[2024-01-09T11:17:15.561-0300] {logging_mixin.py:188} INFO - 156
[2024-01-09T11:17:15.712-0300] {logging_mixin.py:188} INFO - 157
[2024-01-09T11:17:15.865-0300] {logging_mixin.py:188} INFO - 158
[2024-01-09T11:17:16.020-0300] {logging_mixin.py:188} INFO - 159
[2024-01-09T11:17:16.176-0300] {logging_mixin.py:188} INFO - 160
[2024-01-09T11:17:16.477-0300] {logging_mixin.py:188} INFO - 161
[2024-01-09T11:17:16.645-0300] {logging_mixin.py:188} INFO - 162
[2024-01-09T11:17:16.798-0300] {logging_mixin.py:188} INFO - 163
[2024-01-09T11:17:17.077-0300] {logging_mixin.py:188} INFO - 164
[2024-01-09T11:17:17.229-0300] {logging_mixin.py:188} INFO - 165
[2024-01-09T11:17:17.385-0300] {logging_mixin.py:188} INFO - 166
[2024-01-09T11:17:17.552-0300] {logging_mixin.py:188} INFO - 167
[2024-01-09T11:17:17.711-0300] {logging_mixin.py:188} INFO - 168
[2024-01-09T11:17:17.872-0300] {logging_mixin.py:188} INFO - 169
[2024-01-09T11:17:18.018-0300] {logging_mixin.py:188} INFO - 170
[2024-01-09T11:17:18.165-0300] {logging_mixin.py:188} INFO - 171
[2024-01-09T11:17:18.321-0300] {logging_mixin.py:188} INFO - 172
[2024-01-09T11:17:18.478-0300] {logging_mixin.py:188} INFO - 173
[2024-01-09T11:17:18.632-0300] {logging_mixin.py:188} INFO - 174
[2024-01-09T11:17:18.840-0300] {logging_mixin.py:188} INFO - 175
[2024-01-09T11:17:19.014-0300] {logging_mixin.py:188} INFO - 176
[2024-01-09T11:17:19.171-0300] {logging_mixin.py:188} INFO - 177
[2024-01-09T11:17:19.329-0300] {logging_mixin.py:188} INFO - 178
[2024-01-09T11:17:19.483-0300] {logging_mixin.py:188} INFO - 179
[2024-01-09T11:17:19.934-0300] {logging_mixin.py:188} INFO - 180
[2024-01-09T11:17:20.241-0300] {logging_mixin.py:188} INFO - 181
[2024-01-09T11:17:20.410-0300] {logging_mixin.py:188} INFO - 182
[2024-01-09T11:17:20.561-0300] {logging_mixin.py:188} INFO - 183
[2024-01-09T11:17:20.714-0300] {logging_mixin.py:188} INFO - 184
[2024-01-09T11:17:20.871-0300] {logging_mixin.py:188} INFO - 185
[2024-01-09T11:17:21.033-0300] {logging_mixin.py:188} INFO - 186
[2024-01-09T11:17:21.188-0300] {logging_mixin.py:188} INFO - 187
[2024-01-09T11:17:21.341-0300] {logging_mixin.py:188} INFO - 188
[2024-01-09T11:17:21.495-0300] {logging_mixin.py:188} INFO - 189
[2024-01-09T11:17:21.652-0300] {logging_mixin.py:188} INFO - 190
[2024-01-09T11:17:21.810-0300] {logging_mixin.py:188} INFO - 191
[2024-01-09T11:17:21.968-0300] {logging_mixin.py:188} INFO - 192
[2024-01-09T11:17:22.120-0300] {logging_mixin.py:188} INFO - 193
[2024-01-09T11:17:22.268-0300] {logging_mixin.py:188} INFO - 194
[2024-01-09T11:17:22.419-0300] {logging_mixin.py:188} INFO - 195
[2024-01-09T11:17:22.568-0300] {logging_mixin.py:188} INFO - 196
[2024-01-09T11:17:22.723-0300] {logging_mixin.py:188} INFO - 197
[2024-01-09T11:17:22.886-0300] {logging_mixin.py:188} INFO - 198
[2024-01-09T11:17:23.039-0300] {logging_mixin.py:188} INFO - 199
[2024-01-09T11:17:23.194-0300] {logging_mixin.py:188} INFO - 200
[2024-01-09T11:17:23.482-0300] {logging_mixin.py:188} INFO - 201
[2024-01-09T11:17:23.634-0300] {logging_mixin.py:188} INFO - 202
[2024-01-09T11:17:23.809-0300] {logging_mixin.py:188} INFO - 203
[2024-01-09T11:17:23.959-0300] {logging_mixin.py:188} INFO - 204
[2024-01-09T11:17:24.111-0300] {logging_mixin.py:188} INFO - 205
[2024-01-09T11:17:24.266-0300] {logging_mixin.py:188} INFO - 206
[2024-01-09T11:17:24.417-0300] {logging_mixin.py:188} INFO - 207
[2024-01-09T11:17:24.577-0300] {logging_mixin.py:188} INFO - 208
[2024-01-09T11:17:24.736-0300] {logging_mixin.py:188} INFO - 209
[2024-01-09T11:17:24.887-0300] {logging_mixin.py:188} INFO - 210
[2024-01-09T11:17:25.049-0300] {logging_mixin.py:188} INFO - 211
[2024-01-09T11:17:25.199-0300] {logging_mixin.py:188} INFO - 212
[2024-01-09T11:17:25.352-0300] {logging_mixin.py:188} INFO - 213
[2024-01-09T11:17:25.510-0300] {logging_mixin.py:188} INFO - 214
[2024-01-09T11:17:25.659-0300] {logging_mixin.py:188} INFO - 215
[2024-01-09T11:17:25.814-0300] {logging_mixin.py:188} INFO - 216
[2024-01-09T11:17:25.968-0300] {logging_mixin.py:188} INFO - 217
[2024-01-09T11:17:26.128-0300] {logging_mixin.py:188} INFO - 218
[2024-01-09T11:17:26.277-0300] {logging_mixin.py:188} INFO - 219
[2024-01-09T11:17:26.429-0300] {logging_mixin.py:188} INFO - 220
[2024-01-09T11:17:26.729-0300] {logging_mixin.py:188} INFO - 221
[2024-01-09T11:17:26.885-0300] {logging_mixin.py:188} INFO - 222
[2024-01-09T11:17:27.029-0300] {logging_mixin.py:188} INFO - 223
[2024-01-09T11:17:27.184-0300] {logging_mixin.py:188} INFO - 224
[2024-01-09T11:17:27.339-0300] {logging_mixin.py:188} INFO - 225
[2024-01-09T11:17:27.492-0300] {logging_mixin.py:188} INFO - 226
[2024-01-09T11:17:27.648-0300] {logging_mixin.py:188} INFO - 227
[2024-01-09T11:17:27.804-0300] {logging_mixin.py:188} INFO - 228
[2024-01-09T11:17:27.960-0300] {logging_mixin.py:188} INFO - 229
[2024-01-09T11:17:28.114-0300] {logging_mixin.py:188} INFO - 230
[2024-01-09T11:17:28.263-0300] {logging_mixin.py:188} INFO - 231
[2024-01-09T11:17:28.424-0300] {logging_mixin.py:188} INFO - 232
[2024-01-09T11:17:28.579-0300] {logging_mixin.py:188} INFO - 233
[2024-01-09T11:17:28.729-0300] {logging_mixin.py:188} INFO - 234
[2024-01-09T11:17:28.880-0300] {logging_mixin.py:188} INFO - 235
[2024-01-09T11:17:29.034-0300] {logging_mixin.py:188} INFO - 236
[2024-01-09T11:17:29.214-0300] {logging_mixin.py:188} INFO - 237
[2024-01-09T11:17:29.367-0300] {logging_mixin.py:188} INFO - 238
[2024-01-09T11:17:29.527-0300] {logging_mixin.py:188} INFO - 239
[2024-01-09T11:17:29.687-0300] {logging_mixin.py:188} INFO - 240
[2024-01-09T11:17:30.000-0300] {logging_mixin.py:188} INFO - 241
[2024-01-09T11:17:30.149-0300] {logging_mixin.py:188} INFO - 242
[2024-01-09T11:17:30.304-0300] {logging_mixin.py:188} INFO - 243
[2024-01-09T11:17:30.454-0300] {logging_mixin.py:188} INFO - 244
[2024-01-09T11:17:30.605-0300] {logging_mixin.py:188} INFO - 245
[2024-01-09T11:17:30.752-0300] {logging_mixin.py:188} INFO - 246
[2024-01-09T11:17:31.059-0300] {logging_mixin.py:188} INFO - 247
[2024-01-09T11:17:31.219-0300] {logging_mixin.py:188} INFO - 248
[2024-01-09T11:17:31.369-0300] {logging_mixin.py:188} INFO - 249
[2024-01-09T11:17:31.525-0300] {logging_mixin.py:188} INFO - 250
[2024-01-09T11:17:31.673-0300] {logging_mixin.py:188} INFO - 251
[2024-01-09T11:17:31.828-0300] {logging_mixin.py:188} INFO - 252
[2024-01-09T11:17:31.974-0300] {logging_mixin.py:188} INFO - 253
[2024-01-09T11:17:32.126-0300] {logging_mixin.py:188} INFO - 254
[2024-01-09T11:17:32.290-0300] {logging_mixin.py:188} INFO - 255
[2024-01-09T11:17:32.439-0300] {logging_mixin.py:188} INFO - 256
[2024-01-09T11:17:32.591-0300] {logging_mixin.py:188} INFO - 257
[2024-01-09T11:17:32.739-0300] {logging_mixin.py:188} INFO - 258
[2024-01-09T11:17:32.894-0300] {logging_mixin.py:188} INFO - 259
[2024-01-09T11:17:33.044-0300] {logging_mixin.py:188} INFO - 260
[2024-01-09T11:17:33.349-0300] {logging_mixin.py:188} INFO - 261
[2024-01-09T11:17:33.512-0300] {logging_mixin.py:188} INFO - 262
[2024-01-09T11:17:33.675-0300] {logging_mixin.py:188} INFO - 263
[2024-01-09T11:17:33.823-0300] {logging_mixin.py:188} INFO - 264
[2024-01-09T11:17:33.974-0300] {logging_mixin.py:188} INFO - 265
[2024-01-09T11:17:34.126-0300] {logging_mixin.py:188} INFO - 266
[2024-01-09T11:17:34.275-0300] {logging_mixin.py:188} INFO - 267
[2024-01-09T11:17:34.432-0300] {logging_mixin.py:188} INFO - 268
[2024-01-09T11:17:34.580-0300] {logging_mixin.py:188} INFO - 269
[2024-01-09T11:17:34.738-0300] {logging_mixin.py:188} INFO - 270
[2024-01-09T11:17:34.909-0300] {logging_mixin.py:188} INFO - 271
[2024-01-09T11:17:35.059-0300] {logging_mixin.py:188} INFO - 272
[2024-01-09T11:17:35.223-0300] {logging_mixin.py:188} INFO - 273
[2024-01-09T11:17:35.372-0300] {logging_mixin.py:188} INFO - 274
[2024-01-09T11:17:35.522-0300] {logging_mixin.py:188} INFO - 275
[2024-01-09T11:17:35.673-0300] {logging_mixin.py:188} INFO - 276
[2024-01-09T11:17:35.826-0300] {logging_mixin.py:188} INFO - 277
[2024-01-09T11:17:35.975-0300] {logging_mixin.py:188} INFO - 278
[2024-01-09T11:17:36.134-0300] {logging_mixin.py:188} INFO - 279
[2024-01-09T11:17:36.296-0300] {logging_mixin.py:188} INFO - 280
[2024-01-09T11:17:36.611-0300] {logging_mixin.py:188} INFO - 281
[2024-01-09T11:17:36.762-0300] {logging_mixin.py:188} INFO - 282
[2024-01-09T11:17:36.909-0300] {logging_mixin.py:188} INFO - 283
[2024-01-09T11:17:37.058-0300] {logging_mixin.py:188} INFO - 284
[2024-01-09T11:17:37.208-0300] {logging_mixin.py:188} INFO - 285
[2024-01-09T11:17:37.364-0300] {logging_mixin.py:188} INFO - 286
[2024-01-09T11:17:37.520-0300] {logging_mixin.py:188} INFO - 287
[2024-01-09T11:17:37.674-0300] {logging_mixin.py:188} INFO - 288
[2024-01-09T11:17:37.833-0300] {logging_mixin.py:188} INFO - 289
[2024-01-09T11:17:37.994-0300] {logging_mixin.py:188} INFO - 290
[2024-01-09T11:17:38.153-0300] {logging_mixin.py:188} INFO - 291
[2024-01-09T11:17:38.300-0300] {logging_mixin.py:188} INFO - 292
[2024-01-09T11:17:38.446-0300] {logging_mixin.py:188} INFO - 293
[2024-01-09T11:17:38.600-0300] {logging_mixin.py:188} INFO - 294
[2024-01-09T11:17:38.753-0300] {logging_mixin.py:188} INFO - 295
[2024-01-09T11:17:38.909-0300] {logging_mixin.py:188} INFO - 296
[2024-01-09T11:17:39.056-0300] {logging_mixin.py:188} INFO - 297
[2024-01-09T11:17:39.213-0300] {logging_mixin.py:188} INFO - 298
[2024-01-09T11:17:39.368-0300] {logging_mixin.py:188} INFO - 299
[2024-01-09T11:17:39.523-0300] {logging_mixin.py:188} INFO - 300
[2024-01-09T11:17:39.833-0300] {logging_mixin.py:188} INFO - 301
[2024-01-09T11:17:39.987-0300] {logging_mixin.py:188} INFO - 302
[2024-01-09T11:17:40.136-0300] {logging_mixin.py:188} INFO - 303
[2024-01-09T11:17:40.317-0300] {logging_mixin.py:188} INFO - 304
[2024-01-09T11:17:40.483-0300] {logging_mixin.py:188} INFO - 305
[2024-01-09T11:17:40.641-0300] {logging_mixin.py:188} INFO - 306
[2024-01-09T11:17:40.788-0300] {logging_mixin.py:188} INFO - 307
[2024-01-09T11:17:40.943-0300] {logging_mixin.py:188} INFO - 308
[2024-01-09T11:17:41.091-0300] {logging_mixin.py:188} INFO - 309
[2024-01-09T11:17:41.246-0300] {logging_mixin.py:188} INFO - 310
[2024-01-09T11:17:41.396-0300] {logging_mixin.py:188} INFO - 311
[2024-01-09T11:17:41.541-0300] {logging_mixin.py:188} INFO - 312
[2024-01-09T11:17:41.701-0300] {logging_mixin.py:188} INFO - 313
[2024-01-09T11:17:41.851-0300] {logging_mixin.py:188} INFO - 314
[2024-01-09T11:17:42.003-0300] {logging_mixin.py:188} INFO - 315
[2024-01-09T11:17:42.152-0300] {logging_mixin.py:188} INFO - 316
[2024-01-09T11:17:42.303-0300] {logging_mixin.py:188} INFO - 317
[2024-01-09T11:17:42.453-0300] {logging_mixin.py:188} INFO - 318
[2024-01-09T11:17:42.609-0300] {logging_mixin.py:188} INFO - 319
[2024-01-09T11:17:42.763-0300] {logging_mixin.py:188} INFO - 320
[2024-01-09T11:17:43.072-0300] {logging_mixin.py:188} INFO - 321
[2024-01-09T11:17:43.227-0300] {logging_mixin.py:188} INFO - 322
[2024-01-09T11:17:43.379-0300] {logging_mixin.py:188} INFO - 323
[2024-01-09T11:17:43.533-0300] {logging_mixin.py:188} INFO - 324
[2024-01-09T11:17:43.681-0300] {logging_mixin.py:188} INFO - 325
[2024-01-09T11:17:43.833-0300] {logging_mixin.py:188} INFO - 326
[2024-01-09T11:17:43.989-0300] {logging_mixin.py:188} INFO - 327
[2024-01-09T11:17:44.139-0300] {logging_mixin.py:188} INFO - 328
[2024-01-09T11:17:44.292-0300] {logging_mixin.py:188} INFO - 329
[2024-01-09T11:17:44.438-0300] {logging_mixin.py:188} INFO - 330
[2024-01-09T11:17:44.591-0300] {logging_mixin.py:188} INFO - 331
[2024-01-09T11:17:44.746-0300] {logging_mixin.py:188} INFO - 332
[2024-01-09T11:17:44.898-0300] {logging_mixin.py:188} INFO - 333
[2024-01-09T11:17:45.048-0300] {logging_mixin.py:188} INFO - 334
[2024-01-09T11:17:45.205-0300] {logging_mixin.py:188} INFO - 335
[2024-01-09T11:17:45.355-0300] {logging_mixin.py:188} INFO - 336
[2024-01-09T11:17:45.507-0300] {logging_mixin.py:188} INFO - 337
[2024-01-09T11:17:45.673-0300] {logging_mixin.py:188} INFO - 338
[2024-01-09T11:17:45.825-0300] {logging_mixin.py:188} INFO - 339
[2024-01-09T11:17:45.979-0300] {logging_mixin.py:188} INFO - 340
[2024-01-09T11:17:46.284-0300] {logging_mixin.py:188} INFO - 341
[2024-01-09T11:17:46.429-0300] {logging_mixin.py:188} INFO - 342
[2024-01-09T11:17:46.584-0300] {logging_mixin.py:188} INFO - 343
[2024-01-09T11:17:46.740-0300] {logging_mixin.py:188} INFO - 344
[2024-01-09T11:17:46.889-0300] {logging_mixin.py:188} INFO - 345
[2024-01-09T11:17:47.038-0300] {logging_mixin.py:188} INFO - 346
[2024-01-09T11:17:47.187-0300] {logging_mixin.py:188} INFO - 347
[2024-01-09T11:17:47.360-0300] {logging_mixin.py:188} INFO - 348
[2024-01-09T11:17:47.520-0300] {logging_mixin.py:188} INFO - 349
[2024-01-09T11:17:47.678-0300] {logging_mixin.py:188} INFO - 350
[2024-01-09T11:17:47.830-0300] {logging_mixin.py:188} INFO - 351
[2024-01-09T11:17:47.979-0300] {logging_mixin.py:188} INFO - 352
[2024-01-09T11:17:48.129-0300] {logging_mixin.py:188} INFO - 353
[2024-01-09T11:17:48.283-0300] {logging_mixin.py:188} INFO - 354
[2024-01-09T11:17:48.431-0300] {logging_mixin.py:188} INFO - 355
[2024-01-09T11:17:48.578-0300] {logging_mixin.py:188} INFO - 356
[2024-01-09T11:17:48.932-0300] {logging_mixin.py:188} INFO - 357
[2024-01-09T11:17:49.085-0300] {logging_mixin.py:188} INFO - 358
[2024-01-09T11:17:49.237-0300] {logging_mixin.py:188} INFO - 359
[2024-01-09T11:17:49.401-0300] {logging_mixin.py:188} INFO - 360
[2024-01-09T11:17:49.712-0300] {logging_mixin.py:188} INFO - 361
[2024-01-09T11:17:49.870-0300] {logging_mixin.py:188} INFO - 362
[2024-01-09T11:17:50.021-0300] {logging_mixin.py:188} INFO - 363
[2024-01-09T11:17:50.176-0300] {logging_mixin.py:188} INFO - 364
[2024-01-09T11:17:50.330-0300] {logging_mixin.py:188} INFO - 365
[2024-01-09T11:17:50.479-0300] {logging_mixin.py:188} INFO - 366
[2024-01-09T11:17:50.627-0300] {logging_mixin.py:188} INFO - 367
[2024-01-09T11:17:50.783-0300] {logging_mixin.py:188} INFO - 368
[2024-01-09T11:17:50.939-0300] {logging_mixin.py:188} INFO - 369
[2024-01-09T11:17:51.097-0300] {logging_mixin.py:188} INFO - 370
[2024-01-09T11:17:51.248-0300] {logging_mixin.py:188} INFO - 371
[2024-01-09T11:17:51.403-0300] {logging_mixin.py:188} INFO - 372
[2024-01-09T11:17:51.553-0300] {logging_mixin.py:188} INFO - 373
[2024-01-09T11:17:51.707-0300] {logging_mixin.py:188} INFO - 374
[2024-01-09T11:17:51.857-0300] {logging_mixin.py:188} INFO - 375
[2024-01-09T11:17:52.007-0300] {logging_mixin.py:188} INFO - 376
[2024-01-09T11:17:52.157-0300] {logging_mixin.py:188} INFO - 377
[2024-01-09T11:17:52.319-0300] {logging_mixin.py:188} INFO - 378
[2024-01-09T11:17:52.474-0300] {logging_mixin.py:188} INFO - 379
[2024-01-09T11:17:52.631-0300] {logging_mixin.py:188} INFO - 380
[2024-01-09T11:17:52.931-0300] {logging_mixin.py:188} INFO - 381
[2024-01-09T11:17:53.079-0300] {logging_mixin.py:188} INFO - 382
[2024-01-09T11:17:53.235-0300] {logging_mixin.py:188} INFO - 383
[2024-01-09T11:17:53.383-0300] {logging_mixin.py:188} INFO - 384
[2024-01-09T11:17:53.538-0300] {logging_mixin.py:188} INFO - 385
[2024-01-09T11:17:53.689-0300] {logging_mixin.py:188} INFO - 386
[2024-01-09T11:17:53.848-0300] {logging_mixin.py:188} INFO - 387
[2024-01-09T11:17:53.996-0300] {logging_mixin.py:188} INFO - 388
[2024-01-09T11:17:54.155-0300] {logging_mixin.py:188} INFO - 389
[2024-01-09T11:17:54.303-0300] {logging_mixin.py:188} INFO - 390
[2024-01-09T11:17:54.492-0300] {logging_mixin.py:188} INFO - 391
[2024-01-09T11:17:54.652-0300] {logging_mixin.py:188} INFO - 392
[2024-01-09T11:17:55.838-0300] {logging_mixin.py:188} INFO - 393
[2024-01-09T11:17:56.001-0300] {logging_mixin.py:188} INFO - 394
[2024-01-09T11:17:56.153-0300] {logging_mixin.py:188} INFO - 395
[2024-01-09T11:17:56.307-0300] {logging_mixin.py:188} INFO - 396
[2024-01-09T11:17:56.485-0300] {logging_mixin.py:188} INFO - 397
[2024-01-09T11:17:56.641-0300] {logging_mixin.py:188} INFO - 398
[2024-01-09T11:17:56.793-0300] {logging_mixin.py:188} INFO - 399
[2024-01-09T11:17:56.943-0300] {logging_mixin.py:188} INFO - 400
[2024-01-09T11:17:57.242-0300] {logging_mixin.py:188} INFO - 401
[2024-01-09T11:17:57.396-0300] {logging_mixin.py:188} INFO - 402
[2024-01-09T11:17:57.548-0300] {logging_mixin.py:188} INFO - 403
[2024-01-09T11:17:57.705-0300] {logging_mixin.py:188} INFO - 404
[2024-01-09T11:17:57.853-0300] {logging_mixin.py:188} INFO - 405
[2024-01-09T11:17:58.001-0300] {logging_mixin.py:188} INFO - 406
[2024-01-09T11:17:58.193-0300] {logging_mixin.py:188} INFO - 407
[2024-01-09T11:17:58.354-0300] {logging_mixin.py:188} INFO - 408
[2024-01-09T11:17:58.505-0300] {logging_mixin.py:188} INFO - 409
[2024-01-09T11:17:58.662-0300] {logging_mixin.py:188} INFO - 410
[2024-01-09T11:17:58.815-0300] {logging_mixin.py:188} INFO - 411
[2024-01-09T11:17:58.968-0300] {logging_mixin.py:188} INFO - 412
[2024-01-09T11:17:59.117-0300] {logging_mixin.py:188} INFO - 413
[2024-01-09T11:17:59.264-0300] {logging_mixin.py:188} INFO - 414
[2024-01-09T11:17:59.418-0300] {logging_mixin.py:188} INFO - 415
[2024-01-09T11:17:59.616-0300] {logging_mixin.py:188} INFO - 416
[2024-01-09T11:17:59.776-0300] {logging_mixin.py:188} INFO - 417
[2024-01-09T11:17:59.931-0300] {logging_mixin.py:188} INFO - 418
[2024-01-09T11:18:00.080-0300] {logging_mixin.py:188} INFO - 419
[2024-01-09T11:18:00.230-0300] {logging_mixin.py:188} INFO - 420
[2024-01-09T11:18:00.547-0300] {logging_mixin.py:188} INFO - 421
[2024-01-09T11:18:00.694-0300] {logging_mixin.py:188} INFO - 422
[2024-01-09T11:18:00.849-0300] {logging_mixin.py:188} INFO - 423
[2024-01-09T11:18:01.002-0300] {logging_mixin.py:188} INFO - 424
[2024-01-09T11:18:01.168-0300] {logging_mixin.py:188} INFO - 425
[2024-01-09T11:18:01.328-0300] {logging_mixin.py:188} INFO - 426
[2024-01-09T11:18:01.511-0300] {logging_mixin.py:188} INFO - 427
[2024-01-09T11:18:01.672-0300] {logging_mixin.py:188} INFO - 428
[2024-01-09T11:18:01.831-0300] {logging_mixin.py:188} INFO - 429
[2024-01-09T11:18:01.987-0300] {logging_mixin.py:188} INFO - 430
[2024-01-09T11:18:02.143-0300] {logging_mixin.py:188} INFO - 431
[2024-01-09T11:18:02.293-0300] {logging_mixin.py:188} INFO - 432
[2024-01-09T11:18:02.442-0300] {logging_mixin.py:188} INFO - 433
[2024-01-09T11:18:02.601-0300] {logging_mixin.py:188} INFO - 434
[2024-01-09T11:18:02.757-0300] {logging_mixin.py:188} INFO - 435
[2024-01-09T11:18:02.935-0300] {logging_mixin.py:188} INFO - 436
[2024-01-09T11:18:03.088-0300] {logging_mixin.py:188} INFO - 437
[2024-01-09T11:18:03.247-0300] {logging_mixin.py:188} INFO - 438
[2024-01-09T11:18:03.396-0300] {logging_mixin.py:188} INFO - 439
[2024-01-09T11:18:03.555-0300] {logging_mixin.py:188} INFO - 440
[2024-01-09T11:18:03.860-0300] {logging_mixin.py:188} INFO - 441
[2024-01-09T11:18:04.031-0300] {logging_mixin.py:188} INFO - 442
[2024-01-09T11:18:04.187-0300] {logging_mixin.py:188} INFO - 443
[2024-01-09T11:18:04.340-0300] {logging_mixin.py:188} INFO - 444
[2024-01-09T11:18:04.495-0300] {logging_mixin.py:188} INFO - 445
[2024-01-09T11:18:04.657-0300] {logging_mixin.py:188} INFO - 446
[2024-01-09T11:18:04.807-0300] {logging_mixin.py:188} INFO - 447
[2024-01-09T11:18:04.956-0300] {logging_mixin.py:188} INFO - 448
[2024-01-09T11:18:05.109-0300] {logging_mixin.py:188} INFO - 449
[2024-01-09T11:18:05.265-0300] {logging_mixin.py:188} INFO - 450
[2024-01-09T11:18:05.429-0300] {logging_mixin.py:188} INFO - 451
[2024-01-09T11:18:05.580-0300] {logging_mixin.py:188} INFO - 452
[2024-01-09T11:18:05.733-0300] {logging_mixin.py:188} INFO - 453
[2024-01-09T11:18:05.885-0300] {logging_mixin.py:188} INFO - 454
[2024-01-09T11:18:06.037-0300] {logging_mixin.py:188} INFO - 455
[2024-01-09T11:18:06.186-0300] {logging_mixin.py:188} INFO - 456
[2024-01-09T11:18:06.337-0300] {logging_mixin.py:188} INFO - 457
[2024-01-09T11:18:06.486-0300] {logging_mixin.py:188} INFO - 458
[2024-01-09T11:18:06.635-0300] {logging_mixin.py:188} INFO - 459
[2024-01-09T11:18:06.797-0300] {logging_mixin.py:188} INFO - 460
[2024-01-09T11:18:07.103-0300] {logging_mixin.py:188} INFO - 461
[2024-01-09T11:18:07.260-0300] {logging_mixin.py:188} INFO - 462
[2024-01-09T11:18:07.409-0300] {logging_mixin.py:188} INFO - 463
[2024-01-09T11:18:07.567-0300] {logging_mixin.py:188} INFO - 464
[2024-01-09T11:18:07.714-0300] {logging_mixin.py:188} INFO - 465
[2024-01-09T11:18:07.873-0300] {logging_mixin.py:188} INFO - 466
[2024-01-09T11:18:08.024-0300] {logging_mixin.py:188} INFO - 467
[2024-01-09T11:18:08.181-0300] {logging_mixin.py:188} INFO - 468
[2024-01-09T11:18:08.333-0300] {logging_mixin.py:188} INFO - 469
[2024-01-09T11:18:08.488-0300] {logging_mixin.py:188} INFO - 470
[2024-01-09T11:18:08.640-0300] {logging_mixin.py:188} INFO - 471
[2024-01-09T11:18:08.795-0300] {logging_mixin.py:188} INFO - 472
[2024-01-09T11:18:08.961-0300] {logging_mixin.py:188} INFO - 473
[2024-01-09T11:18:09.110-0300] {logging_mixin.py:188} INFO - 474
[2024-01-09T11:18:09.269-0300] {logging_mixin.py:188} INFO - 475
[2024-01-09T11:18:09.417-0300] {logging_mixin.py:188} INFO - 476
[2024-01-09T11:18:09.576-0300] {logging_mixin.py:188} INFO - 477
[2024-01-09T11:18:09.730-0300] {logging_mixin.py:188} INFO - 478
[2024-01-09T11:18:09.883-0300] {logging_mixin.py:188} INFO - 479
[2024-01-09T11:18:10.041-0300] {logging_mixin.py:188} INFO - 480
[2024-01-09T11:18:10.343-0300] {logging_mixin.py:188} INFO - 481
[2024-01-09T11:18:10.499-0300] {logging_mixin.py:188} INFO - 482
[2024-01-09T11:18:10.661-0300] {logging_mixin.py:188} INFO - 483
[2024-01-09T11:18:10.815-0300] {logging_mixin.py:188} INFO - 484
[2024-01-09T11:18:10.964-0300] {logging_mixin.py:188} INFO - 485
[2024-01-09T11:18:11.125-0300] {logging_mixin.py:188} INFO - 486
[2024-01-09T11:18:11.284-0300] {logging_mixin.py:188} INFO - 487
[2024-01-09T11:18:12.461-0300] {logging_mixin.py:188} INFO - 488
[2024-01-09T11:18:12.615-0300] {logging_mixin.py:188} INFO - 489
[2024-01-09T11:18:12.771-0300] {logging_mixin.py:188} INFO - 490
[2024-01-09T11:18:12.923-0300] {logging_mixin.py:188} INFO - 491
[2024-01-09T11:18:13.074-0300] {logging_mixin.py:188} INFO - 492
[2024-01-09T11:18:13.231-0300] {logging_mixin.py:188} INFO - 493
[2024-01-09T11:18:13.380-0300] {logging_mixin.py:188} INFO - 494
[2024-01-09T11:18:13.532-0300] {logging_mixin.py:188} INFO - 495
[2024-01-09T11:18:13.682-0300] {logging_mixin.py:188} INFO - 496
[2024-01-09T11:18:13.831-0300] {logging_mixin.py:188} INFO - 497
[2024-01-09T11:18:13.981-0300] {logging_mixin.py:188} INFO - 498
[2024-01-09T11:18:14.131-0300] {logging_mixin.py:188} INFO - 499
[2024-01-09T11:18:14.286-0300] {logging_mixin.py:188} INFO - 500
[2024-01-09T11:18:14.591-0300] {logging_mixin.py:188} INFO - 501
[2024-01-09T11:18:14.742-0300] {logging_mixin.py:188} INFO - 502
[2024-01-09T11:18:14.907-0300] {logging_mixin.py:188} INFO - 503
[2024-01-09T11:18:15.056-0300] {logging_mixin.py:188} INFO - 504
[2024-01-09T11:18:15.203-0300] {logging_mixin.py:188} INFO - 505
[2024-01-09T11:18:15.356-0300] {logging_mixin.py:188} INFO - 506
[2024-01-09T11:18:30.372-0300] {taskinstance.py:2699} ERROR - Task failed with exception
Traceback (most recent call last):
  File "/home/brendaschap/.local/lib/python3.10/site-packages/urllib3/connection.py", line 203, in _new_conn
    sock = connection.create_connection(
  File "/home/brendaschap/.local/lib/python3.10/site-packages/urllib3/util/connection.py", line 60, in create_connection
    for res in socket.getaddrinfo(host, port, family, socket.SOCK_STREAM):
  File "/usr/lib/python3.10/socket.py", line 955, in getaddrinfo
    for res in _socket.getaddrinfo(host, port, family, type, proto, flags):
socket.gaierror: [Errno -3] Temporary failure in name resolution

The above exception was the direct cause of the following exception:

Traceback (most recent call last):
  File "/home/brendaschap/.local/lib/python3.10/site-packages/urllib3/connectionpool.py", line 790, in urlopen
    response = self._make_request(
  File "/home/brendaschap/.local/lib/python3.10/site-packages/urllib3/connectionpool.py", line 491, in _make_request
    raise new_e
  File "/home/brendaschap/.local/lib/python3.10/site-packages/urllib3/connectionpool.py", line 467, in _make_request
    self._validate_conn(conn)
  File "/home/brendaschap/.local/lib/python3.10/site-packages/urllib3/connectionpool.py", line 1096, in _validate_conn
    conn.connect()
  File "/home/brendaschap/.local/lib/python3.10/site-packages/urllib3/connection.py", line 611, in connect
    self.sock = sock = self._new_conn()
  File "/home/brendaschap/.local/lib/python3.10/site-packages/urllib3/connection.py", line 210, in _new_conn
    raise NameResolutionError(self.host, self, e) from e
urllib3.exceptions.NameResolutionError: <urllib3.connection.HTTPSConnection object at 0x7ff911e1ae00>: Failed to resolve 'pokeapi.co' ([Errno -3] Temporary failure in name resolution)

The above exception was the direct cause of the following exception:

Traceback (most recent call last):
  File "/home/brendaschap/.local/lib/python3.10/site-packages/requests/adapters.py", line 486, in send
    resp = conn.urlopen(
  File "/home/brendaschap/.local/lib/python3.10/site-packages/urllib3/connectionpool.py", line 844, in urlopen
    retries = retries.increment(
  File "/home/brendaschap/.local/lib/python3.10/site-packages/urllib3/util/retry.py", line 515, in increment
    raise MaxRetryError(_pool, url, reason) from reason  # type: ignore[arg-type]
urllib3.exceptions.MaxRetryError: HTTPSConnectionPool(host='pokeapi.co', port=443): Max retries exceeded with url: /api/v2/pokemon/herdier (Caused by NameResolutionError("<urllib3.connection.HTTPSConnection object at 0x7ff911e1ae00>: Failed to resolve 'pokeapi.co' ([Errno -3] Temporary failure in name resolution)"))

During handling of the above exception, another exception occurred:

Traceback (most recent call last):
  File "/home/brendaschap/.local/lib/python3.10/site-packages/airflow/models/taskinstance.py", line 433, in _execute_task
    result = execute_callable(context=context, **execute_callable_kwargs)
  File "/home/brendaschap/.local/lib/python3.10/site-packages/airflow/operators/python.py", line 199, in execute
    return_value = self.execute_callable()
  File "/home/brendaschap/.local/lib/python3.10/site-packages/airflow/operators/python.py", line 216, in execute_callable
    return self.python_callable(*self.op_args, **self.op_kwargs)
  File "/home/brendaschap/airflow/dags/pokemon.py", line 20, in extract_pokemon
    response_pokemon = json.loads(requests.request("GET", url_pokemon, headers=headers, data=payload).text)
  File "/home/brendaschap/.local/lib/python3.10/site-packages/requests/api.py", line 59, in request
    return session.request(method=method, url=url, **kwargs)
  File "/home/brendaschap/.local/lib/python3.10/site-packages/requests/sessions.py", line 589, in request
    resp = self.send(prep, **send_kwargs)
  File "/home/brendaschap/.local/lib/python3.10/site-packages/requests/sessions.py", line 703, in send
    r = adapter.send(request, **kwargs)
  File "/home/brendaschap/.local/lib/python3.10/site-packages/requests/adapters.py", line 519, in send
    raise ConnectionError(e, request=request)
requests.exceptions.ConnectionError: HTTPSConnectionPool(host='pokeapi.co', port=443): Max retries exceeded with url: /api/v2/pokemon/herdier (Caused by NameResolutionError("<urllib3.connection.HTTPSConnection object at 0x7ff911e1ae00>: Failed to resolve 'pokeapi.co' ([Errno -3] Temporary failure in name resolution)"))
[2024-01-09T11:18:30.386-0300] {taskinstance.py:1138} INFO - Marking task as FAILED. dag_id=pokemon_extraction, task_id=extract_pokemons, execution_date=20231212T100000, start_date=20240109T141623, end_date=20240109T141830
[2024-01-09T11:18:30.402-0300] {standard_task_runner.py:107} ERROR - Failed to execute job 286 for task extract_pokemons (HTTPSConnectionPool(host='pokeapi.co', port=443): Max retries exceeded with url: /api/v2/pokemon/herdier (Caused by NameResolutionError("<urllib3.connection.HTTPSConnection object at 0x7ff911e1ae00>: Failed to resolve 'pokeapi.co' ([Errno -3] Temporary failure in name resolution)")); 795)
[2024-01-09T11:18:30.454-0300] {local_task_job_runner.py:234} INFO - Task exited with return code 1
[2024-01-09T11:18:30.463-0300] {taskinstance.py:3281} INFO - 0 downstream tasks scheduled from follow-on schedule check
